[15:26:27] ==========================================
[15:26:27] Starting Video Sync: 06/29/2026 15:26:27
[15:26:27] Mode: Deep Sync (Sitemaps)
[15:26:27] ==========================================
[15:26:33] Loaded 11605 existing videos from local database.
[15:26:33] Fetching sitemap index from: https://animexin.dev/sitemap.xml
[15:26:35] Found 12 sitemap pages. Checking for missing episodes...
[15:26:35] Checking sitemap: https://animexin.dev/post-sitemap.xml
[15:26:37] Checking sitemap: https://animexin.dev/post-sitemap2.xml
[15:26:38] Checking sitemap: https://animexin.dev/post-sitemap3.xml
[15:26:41] Checking sitemap: https://animexin.dev/post-sitemap4.xml
[15:26:43] Checking sitemap: https://animexin.dev/post-sitemap5.xml
[15:26:45] Checking sitemap: https://animexin.dev/post-sitemap6.xml
[15:26:49] Checking sitemap: https://animexin.dev/post-sitemap7.xml
[15:26:56] Checking sitemap: https://animexin.dev/post-sitemap8.xml
[15:26:58] Checking sitemap: https://animexin.dev/post-sitemap9.xml
[15:27:00] Checking sitemap: https://animexin.dev/post-sitemap10.xml
[15:27:01] Checking sitemap: https://animexin.dev/post-sitemap11.xml
[15:27:03] Checking sitemap: https://animexin.dev/post-sitemap12.xml
[15:27:04] Total candidate URLs found: 159
[15:27:04] Found 159 new episodes to scrape.
[15:27:07] [1/159] Scraping: Soul Land Season 2 Episode 62 Subbed
[15:27:07] URL: https://animexin.dev/soul-land-s2-eps-36-62-subbed/
[15:27:07] Success: Scraped 4 mirrors and 2 download links.
[15:27:09] [2/159] Scraping: Soul Land Season 2 Episode 63 Subbed
[15:27:09] URL: https://animexin.dev/soul-land-s2-eps-37-63-subbed/
[15:27:09] Success: Scraped 4 mirrors and 2 download links.
[15:27:11] [3/159] Scraping: Soul Land Season 2 Episode 64 Subbed
[15:27:11] URL: https://animexin.dev/soul-land-s2-eps-38-64-subbed/
[15:27:11] Success: Scraped 4 mirrors and 1 download links.
[15:27:13] [4/159] Scraping: Wan Jie Xian Zong Season 3 Episode 3 Subbed
[15:27:13] URL: https://animexin.dev/episode-3-subbed/
[15:27:13] Success: Scraped 5 mirrors and 0 download links.
[15:27:14] [5/159] Scraping: Wan Jie Xian Zong Season 3 Episode 5 Subbed
[15:27:14] URL: https://animexin.dev/wan-jie-xian-zong-s3-e5-subbed/
[15:27:14] Success: Scraped 5 mirrors and 1 download links.
[15:27:16] [6/159] Scraping: The King&#039;s Avatar Movie For The Glory
[15:27:16] URL: https://animexin.dev/the-kings-avatar-movie-subbed-fix/
[15:27:16] Success: Scraped 4 mirrors and 0 download links.
[15:27:17] [7/159] Scraping: Wan Jie Xian Zong Season 3 Episode 10 Subbed
[15:27:17] URL: https://animexin.dev/wan-jies3-ep10/
[15:27:17] Success: Scraped 5 mirrors and 0 download links.
[15:27:18] [8/159] Scraping: Wan Jie Xian Zong Season 3 Episode 11 Subbed
[15:27:18] URL: https://animexin.dev/wan-jie-s3-ep11/
[15:27:18] Success: Scraped 5 mirrors and 0 download links.
[15:27:19] [9/159] Scraping: Wan Jie Xian Zong Season 3 Episode 12 Subbed
[15:27:19] URL: https://animexin.dev/wan-jie-s3-ep12/
[15:27:19] Success: Scraped 5 mirrors and 0 download links.
[15:27:21] [10/159] Scraping: Tales Demon and God Season 3 Full
[15:27:21] URL: https://animexin.dev/tales-demon-and-god-season-3-full/
[15:27:21] Success: Scraped 10 mirrors and 5 download links.
[15:27:23] [11/159] Scraping: Spirit Sword Sovereign Season 4 Episode 38 [138] Subbed
[15:27:23] URL: https://animexin.dev/__trashed/
[15:27:23] Success: Scraped 8 mirrors and 4 download links.
[15:27:24] [12/159] Scraping: Ze Tian Ji Season 4 Episode 1 Subbed
[15:27:24] URL: https://animexin.dev/ze-tian-ji-s4-ep1/
[15:27:24] Success: Scraped 5 mirrors and 0 download links.
[15:27:26] [13/159] Scraping: Battle through Season 3 Episode 5 Subbed
[15:27:26] URL: https://animexin.dev/battle-through-s3-eps-5-subbed/
[15:27:26] Success: Scraped 2 mirrors and 1 download links.
[15:27:27] [14/159] Scraping: Battle through Season 3 Episode 6 Subbed
[15:27:27] URL: https://animexin.dev/battle-through-s3-eps-6-subbed/
[15:27:27] Success: Scraped 2 mirrors and 2 download links.
[15:27:28] [15/159] Scraping: Battle through Season 3 Episode 7 Subbed
[15:27:28] URL: https://animexin.dev/battle-through-s3-eps-7-subbed/
[15:27:28] Success: Scraped 4 mirrors and 2 download links.
[15:27:30] [16/159] Scraping: Battle through Season 3 Episode 8 Subbed
[15:27:30] URL: https://animexin.dev/battle-through-s3-eps-8-subbed/
[15:27:30] Success: Scraped 2 mirrors and 1 download links.
[15:27:31] [17/159] Scraping: Battle Through Season 3 Episode 9 Subbed
[15:27:31] URL: https://animexin.dev/battle-through-s3-eps-9-subbed/
[15:27:31] Success: Scraped 4 mirrors and 1 download links.
[15:27:33] [18/159] Scraping: Battle through Season 3 Episode 10 subbed
[15:27:33] URL: https://animexin.dev/battle-through-s3-eps-10-subbed/
[15:27:33] Success: Scraped 2 mirrors and 2 download links.
[15:27:34] [19/159] Scraping: Battle through Season 3 Episode 11 Subbed
[15:27:34] URL: https://animexin.dev/battle-through-s3-eps-11-subbed/
[15:27:34] Success: Scraped 2 mirrors and 2 download links.
[15:27:35] [20/159] Scraping: Battle through Season 3 Episode 12 Subbed END
[15:27:35] URL: https://animexin.dev/battle-through-s3-eps12-subbed-end/
[15:27:35] Success: Scraped 4 mirrors and 2 download links.
[15:27:48] Checkpoint: Saved 20 new items to videos.json (Total database: 11625 items).
[15:27:50] [21/159] Scraping: Soul Land Season 2 Episode 65 Subbed
[15:27:50] URL: https://animexin.dev/soul-land-s2-eps-39-65-subbed/
[15:27:50] Success: Scraped 4 mirrors and 2 download links.
[15:27:52] [22/159] Scraping: Soul Land Season 2 Episode 66 Subbed
[15:27:52] URL: https://animexin.dev/soul-land-s2-eps-40-66-subbed/
[15:27:52] Success: Scraped 4 mirrors and 2 download links.
[15:27:54] [23/159] Scraping: Soul Land Season 2 Episode 67 Subbed
[15:27:54] URL: https://animexin.dev/soul-land-s2-eps-41-67-subbed/
[15:27:54] Success: Scraped 4 mirrors and 2 download links.
[15:27:56] [24/159] Scraping: Soul Land Season 2 Episode 68 Subbed
[15:27:56] URL: https://animexin.dev/soul-land-s2-eps-42-68-subbed/
[15:27:56] Success: Scraped 4 mirrors and 2 download links.
[15:27:59] [25/159] Scraping: Soul Land Season 2 Episode 69 Subbed
[15:27:59] URL: https://animexin.dev/soul-land-s2-eps-43-69-subbed/
[15:27:59] Success: Scraped 4 mirrors and 3 download links.
[15:28:00] [26/159] Scraping: Soul Land Season 2 Episode 70 Subbed
[15:28:00] URL: https://animexin.dev/soul-land-s2-eps-44-70-subbed/
[15:28:00] Success: Scraped 4 mirrors and 2 download links.
[15:28:01] [27/159] Scraping: Soul Land Season 2 Episode 71 Subbed
[15:28:01] URL: https://animexin.dev/soul-land-s2-eps-45-71-subbed/
[15:28:01] Success: Scraped 4 mirrors and 2 download links.
[15:28:02] [28/159] Scraping: Soul Land Season 2 Episode 74 Subbed
[15:28:02] URL: https://animexin.dev/soul-land-s2-eps-74/
[15:28:02] Success: Scraped 4 mirrors and 0 download links.
[15:28:03] [29/159] Scraping: Soul Land Season 2 Episode 79 Subbed
[15:28:03] URL: https://animexin.dev/soul-land-s2-ep79/
[15:28:03] Success: Scraped 5 mirrors and 3 download links.
[15:28:04] [30/159] Scraping: Peerless Martial Spirit Episode 67 Subtitle
[15:28:04] URL: https://animexin.dev/peerless-martial-spirit/
[15:28:04] Success: Scraped 8 mirrors and 0 download links.
[15:28:05] [31/159] Scraping: Perfect World [Wanmei Shijie] Episode 9 Subtitle
[15:28:06] URL: https://animexin.dev/animexin/
[15:28:06] Success: Scraped 8 mirrors and 2 download links.
[15:28:07] [32/159] Scraping: Against the Sky Supreme Episode 54 Subtitle
[15:28:07] URL: https://animexin.dev/against-the-sky54-subtitle/
[15:28:07] Success: Scraped 8 mirrors and 0 download links.
[15:28:08] [33/159] Scraping: (Douluo Dalu) Soul Land Season 2 Episode 199 [173] Subtitle
[15:28:08] URL: https://animexin.dev/sls2ep199/
[15:28:08] Success: Scraped 10 mirrors and 2 download links.
[15:28:09] [34/159] Scraping: Snow Eagle Lord’s [Lord Xue Ying] Season 3 Episode 13 Subtitle
[15:28:09] URL: https://animexin.dev/snows3ep13/
[15:28:09] Success: Scraped 8 mirrors and 0 download links.
[15:28:10] [35/159] Scraping: (Douluo Dalu) Soul Land Season 2 Episode 200 [174] Subtitle
[15:28:10] URL: https://animexin.dev/slep200/
[15:28:10] Success: Scraped 10 mirrors and 2 download links.
[15:28:12] [36/159] Scraping: Dubu Xiaoyao Episode 193 Subtitle
[15:28:12] URL: https://animexin.dev/dxep193/
[15:28:12] Success: Scraped 9 mirrors and 0 download links.
[15:28:14] [37/159] Scraping: Supreme God Emperor Episode 155 Subtitle
[15:28:14] URL: https://animexin.dev/supreme155/
[15:28:14] Success: Scraped 9 mirrors and 0 download links.
[15:28:15] [38/159] Scraping: Immortality Episode 10 Subtitle
[15:28:15] URL: https://animexin.dev/immortality10/
[15:28:15] Success: Scraped 9 mirrors and 0 download links.
[15:28:16] [39/159] Scraping: (Douluo Dalu) Soul Land Season 2 Episode 202 [176] Subtitle
[15:28:16] URL: https://animexin.dev/douluo202/
[15:28:16] Success: Scraped 9 mirrors and 2 download links.
[15:28:16] [40/159] Scraping: Snow Eagle Lord’s [Lord Xue Ying] Season 3 Episode 16 Subtitle
[15:28:16] URL: https://animexin.dev/snows316/
[15:28:16] Success: Scraped 9 mirrors and 0 download links.
[15:28:31] Checkpoint: Saved 20 new items to videos.json (Total database: 11645 items).
[15:28:33] [41/159] Scraping: (Douluo Dalu) Soul Land Season 2 Episode 203 [177] Subtitle
[15:28:33] URL: https://animexin.dev/slep203177/
[15:28:33] Success: Scraped 10 mirrors and 2 download links.
[15:28:34] [42/159] Scraping: [Wu Ying Sanqian Dao] Three Thousand Roads Episode 1 Subtitle
[15:28:34] URL: https://animexin.dev/wuyingep1/
[15:28:34] Success: Scraped 9 mirrors and 0 download links.
[15:28:35] [43/159] Scraping: My Journey in an Alternate World Episode 26 Subtitle
[15:28:35] URL: https://animexin.dev/myjourneyep26/
[15:28:35] Success: Scraped 9 mirrors and 0 download links.
[15:28:37] [44/159] Scraping: Martial Master Episode 221 Subtitle
[15:28:37] URL: https://animexin.dev/mmep221/
[15:28:37] Success: Scraped 9 mirrors and 0 download links.
[15:28:38] [45/159] Scraping: Immortality Episode 12 Subtitle
[15:28:38] URL: https://animexin.dev/immortalityep12/
[15:28:38] Success: Scraped 9 mirrors and 0 download links.
[15:28:40] [46/159] Scraping: Spirit Sword Sovereign Season 4 Episode 170 [270] Subtitle
[15:28:40] URL: https://animexin.dev/spiritswords4ep270/
[15:28:40] Success: Scraped 9 mirrors and 0 download links.
[15:28:41] [47/159] Scraping: Tales of Demons and Gods Season 5 Episode 50 [222] Subtitle
[15:28:41] URL: https://animexin.dev/todgs5ep50/
[15:28:41] Success: Scraped 9 mirrors and 0 download links.
[15:28:42] [48/159] Scraping: [Wu Ying Sanqian Dao] Three Thousand Roads Episode 3 Subtitle
[15:28:42] URL: https://animexin.dev/wuyingep3/
[15:28:42] Success: Scraped 10 mirrors and 0 download links.
[15:28:43] [49/159] Scraping: [Wu Ying Sanqian Dao] Three Thousand Roads Episode 4 Subtitle
[15:28:43] URL: https://animexin.dev/wuyingep4/
[15:28:43] Success: Scraped 10 mirrors and 0 download links.
[15:28:44] [50/159] Scraping: Spirit Sword Sovereign Season 4 Episode 171 [271] Subtitle
[15:28:44] URL: https://animexin.dev/spiritswordep271/
[15:28:44] Success: Scraped 10 mirrors and 0 download links.
[15:28:46] [51/159] Scraping: Perfect World [Wanmei Shijie] Episode 54 Subtitle
[15:28:46] URL: https://animexin.dev/perfectworldep54/
[15:28:46] Success: Scraped 10 mirrors and 2 download links.
[15:28:47] [52/159] Scraping: Tales of Demons and Gods Season 5 Episode 51 [223] Subtitle
[15:28:47] URL: https://animexin.dev/todgs5ep51/
[15:28:47] Success: Scraped 10 mirrors and 0 download links.
[15:28:48] [53/159] Scraping: (Douluo Dalu) Soul Land Season 2 Episode 204 [178] Subtitle
[15:28:48] URL: https://animexin.dev/slep204sub/
[15:28:48] Success: Scraped 11 mirrors and 2 download links.
[15:28:49] [54/159] Scraping: [Wu Ying Sanqian Dao] Three Thousand Roads Episode 5 Subtitle
[15:28:49] URL: https://animexin.dev/wuyingep5/
[15:28:49] Success: Scraped 10 mirrors and 0 download links.
[15:28:49] [55/159] Scraping: My Journey in an Alternate World Episode 28 Subtitle
[15:28:49] URL: https://animexin.dev/journeyep28/
[15:28:49] Success: Scraped 10 mirrors and 0 download links.
[15:28:50] [56/159] Scraping: Supreme Galaxy Season 2 Episode 2 [47] Subtitle
[15:28:50] URL: https://animexin.dev/supremegalaxys2ep2/
[15:28:50] Success: Scraped 10 mirrors and 0 download links.
[15:28:51] [57/159] Scraping: [Xing Chen Bian] Stellar Transformation Season 4 Episode 15 [51] Subtitle
[15:28:51] URL: https://animexin.dev/stellars4ep15/
[15:28:51] Success: Scraped 10 mirrors and 0 download links.
[15:28:52] [58/159] Scraping: [Shi Kong Zhi Xi] Space Time Rift Episode 1 Subtitle
[15:28:52] URL: https://animexin.dev/spacetimeriftep1/
[15:28:52] Success: Scraped 10 mirrors and 2 download links.
[15:28:53] [59/159] Scraping: Supreme God Emperor Episode 162 Subtitle
[15:28:53] URL: https://animexin.dev/supremeep162/
[15:28:53] Success: Scraped 10 mirrors and 0 download links.
[15:28:54] [60/159] Scraping: [Wonderland] Wan Jie Xian Zhong Season 5 Episode 87 [263] Subtitle
[15:28:54] URL: https://animexin.dev/wonderlands5ep87/
[15:28:54] Success: Scraped 10 mirrors and 0 download links.
[15:29:08] Checkpoint: Saved 20 new items to videos.json (Total database: 11665 items).
[15:29:08] [61/159] Scraping: Snow Eagle Lord’s [Lord Xue Ying] Season 3 Episode 18 Subtitle
[15:29:08] URL: https://animexin.dev/snoweagles3ep18/
[15:29:08] Success: Scraped 10 mirrors and 2 download links.
[15:29:10] [62/159] Scraping: Against the Sky Supreme Episode 85 Subtitle
[15:29:10] URL: https://animexin.dev/againstep85/
[15:29:10] Success: Scraped 10 mirrors and 0 download links.
[15:29:11] [63/159] Scraping: Martial Cultivation Biography Season 2 Episode 25 [46] Subtitle
[15:29:11] URL: https://animexin.dev/mcbs2ep25/
[15:29:11] Success: Scraped 10 mirrors and 2 download links.
[15:29:12] [64/159] Scraping: Spirit Sword Sovereign Season 4 Episode 172 [272] Subtitle
[15:29:12] URL: https://animexin.dev/spiritswords4ep272/
[15:29:12] Success: Scraped 10 mirrors and 2 download links.
[15:29:13] [65/159] Scraping: [Zi Chuan] Purple River Episode 19 Subtitle
[15:29:13] URL: https://animexin.dev/purpleriverep19/
[15:29:13] Success: Scraped 10 mirrors and 2 download links.
[15:29:14] [66/159] Scraping: [Quanzhi Gashou] The King’s Avatar Season 2 Episode 12 Subbed end
[15:29:14] URL: https://animexin.dev/quanzhigashous2ep12end/
[15:29:14] Success: Scraped 8 mirrors and 0 download links.
[15:29:15] [67/159] Scraping: My Journey in an Alternate World Episode 29 Subtitle
[15:29:15] URL: https://animexin.dev/journeyalternateep29/
[15:29:15] Success: Scraped 10 mirrors and 2 download links.
[15:29:16] [68/159] Scraping: Tales of Demons and Gods Season 5 Episode 52 [224] Subtitle
[15:29:16] URL: https://animexin.dev/todgs5ep52/
[15:29:16] Success: Scraped 10 mirrors and 2 download links.
[15:29:17] [69/159] Scraping: Supreme Galaxy Season 2 Episode 3 [48] Subtitle
[15:29:17] URL: https://animexin.dev/supremegalaxys2ep3/
[15:29:17] Success: Scraped 10 mirrors and 2 download links.
[15:29:18] [70/159] Scraping: Peerless Martial Spirit Episode 159 Subtitle
[15:29:18] URL: https://animexin.dev/peerlessep159/
[15:29:18] Success: Scraped 10 mirrors and 2 download links.
[15:29:19] [71/159] Scraping: Perfect World [Wanmei Shijie] Episode 55 Subtitle
[15:29:19] URL: https://animexin.dev/perfectworldep55/
[15:29:19] Success: Scraped 10 mirrors and 2 download links.
[15:29:20] [72/159] Scraping: Martial Master Episode 225 Subtitle
[15:29:20] URL: https://animexin.dev/martialmasterep225/
[15:29:20] Success: Scraped 10 mirrors and 2 download links.
[15:29:21] [73/159] Scraping: Martial Cultivation Biography Season 2 Episode 26 [47] Subtitle
[15:29:21] URL: https://animexin.dev/mcbs2ep26/
[15:29:21] Success: Scraped 10 mirrors and 2 download links.
[15:29:22] [74/159] Scraping: [Wu Ying Sanqian Dao] Three Thousand Roads Episode 7 Subtitle
[15:29:22] URL: https://animexin.dev/wuyingep7/
[15:29:22] Success: Scraped 10 mirrors and 2 download links.
[15:29:24] [75/159] Scraping: Supreme God Emperor Episode 164 Subtitle
[15:29:24] URL: https://animexin.dev/supremegodep164/
[15:29:24] Success: Scraped 10 mirrors and 2 download links.
[15:29:25] [76/159] Scraping: Spirit Sword Sovereign Season 4 Episode 174 [274] Subtitle
[15:29:25] URL: https://animexin.dev/sssep274/
[15:29:25] Success: Scraped 10 mirrors and 2 download links.
[15:29:26] [77/159] Scraping: [Martial Universe] Wu Dong Qian Kun Season 3 Episode 1 Subtitle
[15:29:26] URL: https://animexin.dev/wudongs3ep1/
[15:29:26] Success: Scraped 10 mirrors and 2 download links.
[15:29:27] [78/159] Scraping: Martial Master Episode 227 Subtitle
[15:29:27] URL: https://animexin.dev/martialmasterep227/
[15:29:27] Success: Scraped 10 mirrors and 2 download links.
[15:29:28] [79/159] Scraping: My Journey in an Alternate World Episode 33 Subtitle
[15:29:28] URL: https://animexin.dev/myjourneyep33/
[15:29:28] Success: Scraped 10 mirrors and 0 download links.
[15:29:29] [80/159] Scraping: [Wonderland] Wan Jie Xian Zhong Season 5 Episode 92 [268] Subtitle
[15:29:29] URL: https://animexin.dev/wonsd5ep92/
[15:29:29] Success: Scraped 10 mirrors and 2 download links.
[15:29:41] Checkpoint: Saved 20 new items to videos.json (Total database: 11685 items).
[15:29:43] [81/159] Scraping: (Douluo Dalu) Soul Land Season 2 Episode 207 [181] Subtitle
[15:29:43] URL: https://animexin.dev/soullandep207/
[15:29:43] Success: Scraped 11 mirrors and 2 download links.
[15:29:44] [82/159] Scraping: [Martial Universe] Wu Dong Qian Kun Season 3 Episode 3 Subtitle
[15:29:44] URL: https://animexin.dev/martialuniverses3ep3/
[15:29:44] Success: Scraped 10 mirrors and 2 download links.
[15:29:45] [83/159] Scraping: Supreme God Emperor Episode 168 Subtitle
[15:29:45] URL: https://animexin.dev/supremeep168/
[15:29:45] Success: Scraped 10 mirrors and 0 download links.
[15:29:46] [84/159] Scraping: Against the Sky Supreme Episode 91 Subtitle
[15:29:46] URL: https://animexin.dev/againstep91/
[15:29:46] Success: Scraped 10 mirrors and 0 download links.
[15:29:47] [85/159] Scraping: Zhu Tian Ji [Return Of Gods] Episode 16 Subtitle
[15:29:47] URL: https://animexin.dev/zhutianjiep16/
[15:29:47] Success: Scraped 10 mirrors and 2 download links.
[15:29:47] [86/159] Scraping: Sword Quest Episode 4 Subtitle
[15:29:47] URL: https://animexin.dev/swordquestep4/
[15:29:47] Success: Scraped 10 mirrors and 2 download links.
[15:29:48] [87/159] Scraping: Throne of Seal Episode 5 Subtitle
[15:29:48] URL: https://animexin.dev/throneofsealep5/
[15:29:48] Success: Scraped 10 mirrors and 2 download links.
[15:29:49] [88/159] Scraping: [Wonderland] Wan Jie Xian Zhong Season 5 Episode 94 [270] Subtitle
[15:29:49] URL: https://animexin.dev/wonderlands5ep94/
[15:29:49] Success: Scraped 10 mirrors and 0 download links.
[15:29:50] [89/159] Scraping: Dubu Xiaoyao Episode 207 Subtitle
[15:29:50] URL: https://animexin.dev/dubuxiaoyaoep207/
[15:29:50] Success: Scraped 10 mirrors and 0 download links.
[15:29:51] [90/159] Scraping: Spirit Sword Sovereign Season 4 Episode 179 [279] Subtitle
[15:29:51] URL: https://animexin.dev/spiritswordsovereigns4ep279/
[15:29:51] Success: Scraped 10 mirrors and 0 download links.
[15:29:52] [91/159] Scraping: Zhu Tian Ji [Return Of Gods] Episode 17 Subtitle
[15:29:52] URL: https://animexin.dev/zhutianjiep17/
[15:29:52] Success: Scraped 10 mirrors and 0 download links.
[15:29:53] [92/159] Scraping: Against the Sky Supreme Episode 92 Subtitle
[15:29:53] URL: https://animexin.dev/againstep92/
[15:29:53] Success: Scraped 10 mirrors and 0 download links.
[15:29:54] [93/159] Scraping: The Last Summoner Episode 1 Subtitle
[15:29:54] URL: https://animexin.dev/thelastsummonerep1/
[15:29:54] Success: Scraped 10 mirrors and 2 download links.
[15:29:55] [94/159] Scraping: Peerless Martial Spirit Episode 166 Subtitle
[15:29:55] URL: https://animexin.dev/peerlessep166/
[15:29:55] Success: Scraped 10 mirrors and 0 download links.
[15:29:56] [95/159] Scraping: Supreme Galaxy Season 2 Episode 10 [55] Subtitle
[15:29:56] URL: https://animexin.dev/supremegalaxys2ep10/
[15:29:56] Success: Scraped 10 mirrors and 0 download links.
[15:29:57] [96/159] Scraping: Supreme God Emperor Episode 170 Subtitle
[15:29:57] URL: https://animexin.dev/supremegodep170/
[15:29:57] Success: Scraped 10 mirrors and 0 download links.
[15:29:59] [97/159] Scraping: [Wonderland] Wan Jie Xian Zhong Season 5 Episode 95 [271] Subtitle
[15:29:59] URL: https://animexin.dev/wonderlands5ep95/
[15:29:59] Success: Scraped 10 mirrors and 0 download links.
[15:29:59] [98/159] Scraping: Snow Eagle Lord’s [Lord Xue Ying] Season 3 Episode 22 Subtitle
[15:29:59] URL: https://animexin.dev/snoweagles3ep22/
[15:29:59] Success: Scraped 10 mirrors and 0 download links.
[15:30:01] [99/159] Scraping: Martial Master Episode 232 Subtitle
[15:30:01] URL: https://animexin.dev/martialmasterep232/
[15:30:01] Success: Scraped 10 mirrors and 0 download links.
[15:30:02] [100/159] Scraping: Spirit Sword Sovereign Season 4 Episode 180 [280] Subtitle
[15:30:02] URL: https://animexin.dev/spiritswords4ep280/
[15:30:02] Success: Scraped 10 mirrors and 0 download links.
[15:30:15] Checkpoint: Saved 20 new items to videos.json (Total database: 11705 items).
[15:30:17] [101/159] Scraping: [Zi Chuan] Purple River Episode 24 Subtitle
[15:30:17] URL: https://animexin.dev/purpleriverep24/
[15:30:17] Success: Scraped 10 mirrors and 0 download links.
[15:30:18] [102/159] Scraping: My Journey in an Alternate World Episode 37 Subtitle
[15:30:18] URL: https://animexin.dev/hourneyalternaep37/
[15:30:18] Success: Scraped 10 mirrors and 0 download links.
[15:30:19] [103/159] Scraping: Martial Cultivation Biography Season 2 Episode 29 [50] Subtitle
[15:30:19] URL: https://animexin.dev/martialcultivations2ep29/
[15:30:19] Success: Scraped 10 mirrors and 2 download links.
[15:30:20] [104/159] Scraping: Throne of Seal Episode 6 Subtitle
[15:30:20] URL: https://animexin.dev/throneofsealep6/
[15:30:20] Success: Scraped 10 mirrors and 2 download links.
[15:30:20] [105/159] Scraping: The Last Summoner Episode 2 Subtitle
[15:30:20] URL: https://animexin.dev/thelastsummonerep2/
[15:30:20] Success: Scraped 10 mirrors and 2 download links.
[15:30:21] [106/159] Scraping: Martial Master Episode 234 Subtitle
[15:30:21] URL: https://animexin.dev/martialmasterep234/
[15:30:21] Success: Scraped 10 mirrors and 0 download links.
[15:30:23] [107/159] Scraping: Spirit Sword Sovereign Season 4 Episode 182 [282] Subtitle
[15:30:23] URL: https://animexin.dev/spiritswords4ep282/
[15:30:23] Success: Scraped 10 mirrors and 0 download links.
[15:30:24] [108/159] Scraping: (Douluo Dalu) Soul Land Season 2 Episode 210 [184] Subtitle
[15:30:24] URL: https://animexin.dev/douluodaluep210/
[15:30:24] Success: Scraped 11 mirrors and 2 download links.
[15:30:25] [109/159] Scraping: Soul Land Season 2 Episode 140 [114] Subbed
[15:30:25] URL: https://animexin.dev/soullands2ep140/
[15:30:25] Success: Scraped 10 mirrors and 4 download links.
[15:30:26] [110/159] Scraping: [Wu Ying Sanqian Dao] Three Thousand Roads Episode 10 Subtitle
[15:30:26] URL: https://animexin.dev/wuyingep10/
[15:30:26] Success: Scraped 10 mirrors and 2 download links.
[15:30:27] [111/159] Scraping: [Martial Universe] Wu Dong Qian Kun Season 3 Episode 6 Subtitle
[15:30:27] URL: https://animexin.dev/martialuniverses3ep6/
[15:30:27] Success: Scraped 10 mirrors and 2 download links.
[15:30:28] [112/159] Scraping: Martial Cultivation Biography Season 2 Episode 31 [52] Subtitle
[15:30:28] URL: https://animexin.dev/mcbs2ep31/
[15:30:28] Success: Scraped 10 mirrors and 2 download links.
[15:30:30] [113/159] Scraping: Against the Sky Supreme Episode 97 Subtitle
[15:30:30] URL: https://animexin.dev/againstep97/
[15:30:30] Success: Scraped 10 mirrors and 0 download links.
[15:30:31] [114/159] Scraping: Spirit Sword Sovereign Season 4 Episode 184 [284] Subtitle
[15:30:31] URL: https://animexin.dev/spiritswords4ep284/
[15:30:31] Success: Scraped 10 mirrors and 0 download links.
[15:30:32] [115/159] Scraping: Sword Quest Episode 7 Subtitle
[15:30:32] URL: https://animexin.dev/swordquestep7/
[15:30:32] Success: Scraped 9 mirrors and 2 download links.
[15:30:33] [116/159] Scraping: [Zi Chuan] Purple River Episode 26 Subtitle
[15:30:33] URL: https://animexin.dev/zichuanep26/
[15:30:33] Success: Scraped 10 mirrors and 2 download links.
[15:30:34] [117/159] Scraping: Zhu Tian Ji [Return Of Gods] Episode 22 Subtitle
[15:30:34] URL: https://animexin.dev/zhutianjiep22/
[15:30:34] Success: Scraped 10 mirrors and 0 download links.
[15:30:35] [118/159] Scraping: Sword Quest Episode 10 Subtitle
[15:30:35] URL: https://animexin.dev/swordquestep10/
[15:30:35] Success: Scraped 10 mirrors and 0 download links.
[15:30:37] [119/159] Scraping: Martial Master Episode 244 Subtitle
[15:30:37] URL: https://animexin.dev/martialmasterep244/
[15:30:37] Success: Scraped 10 mirrors and 0 download links.
[15:30:38] [120/159] Scraping: Supreme God Emperor Episode 195 Subtitle
[15:30:38] URL: https://animexin.dev/supremeep195/
[15:30:38] Success: Scraped 11 mirrors and 0 download links.
[15:30:55] Checkpoint: Saved 20 new items to videos.json (Total database: 11725 items).
[15:30:57] [121/159] Scraping: Swallowed Star Season 2 Episode 22 [48] Subtitle
[15:30:57] URL: https://animexin.dev/swalloweds2ep22/
[15:30:57] Success: Scraped 13 mirrors and 4 download links.
[15:30:58] [122/159] Scraping: (Douluo Dalu) Soul Land Season 2 Episode 219 [193] Subtitle
[15:30:58] URL: https://animexin.dev/slep219/
[15:30:58] Success: Scraped 13 mirrors and 6 download links.
[15:30:59] [123/159] Scraping: Swallowed Star Season 2 Episode 39 [65] Subtitle
[15:30:59] URL: https://animexin.dev/swalls2ep3965/
[15:30:59] Success: Scraped 16 mirrors and 6 download links.
[15:31:00] [124/159] Scraping: Soul Land Movie: Battle of The Gods
[15:31:00] URL: https://animexin.dev/soul-land-movie-battle-of-the-gods/
[15:31:00] Success: Scraped 8 mirrors and 6 download links.
[15:31:01] [125/159] Scraping: Wan Jie Du Zun [Ten Thousand Worlds] Season 2 155 Subtitle Indonesia, English Sub
[15:31:01] URL: https://animexin.dev/wan-jie-du-zun-ten-thousand-worlds-season-2-155-subtitle-indonesia-english-sub/
[15:31:01] Success: Scraped 11 mirrors and 6 download links.
[15:31:02] [126/159] Scraping: The Legend of the Taiyi Sword Immortal 1 Indonesia, English Sub
[15:31:02] URL: https://animexin.dev/the-legend-of-the-taiyi-sword-immortal-1-indonesia-english-sub/
[15:31:02] Success: Scraped 9 mirrors and 6 download links.
[15:31:03] [127/159] Scraping: The Legend of the Taiyi Sword Immortal 2 Indonesia, English Sub
[15:31:03] URL: https://animexin.dev/the-legend-of-the-taiyi-sword-immortal-2-indonesia-english-sub/
[15:31:03] Success: Scraped 9 mirrors and 6 download links.
[15:31:04] [128/159] Scraping: [Martial Universe] Wu Dong Qian Kun Season 4 Episode 1 Indonesia, English Sub
[15:31:04] URL: https://animexin.dev/martial-universe-wu-dong-qian-kun-season-4-pv/
[15:31:04] Success: Scraped 9 mirrors and 6 download links.
[15:31:05] [129/159] Scraping: Perfect World [Wanmei Shijie] Episode 159 Indonesia, English Sub
[15:31:05] URL: https://animexin.dev/perfect-159/
[15:31:05] Success: Scraped 11 mirrors and 6 download links.
[15:31:06] [130/159] Scraping: [Wonderland] Wan Jie Xian Zhong Season 5 Episode 282 [458] Indonesia, English Sub
[15:31:06] URL: https://animexin.dev/wonderland-458-indo-eng/
[15:31:06] Success: Scraped 11 mirrors and 6 download links.
[15:31:07] [131/159] Scraping: [Wonderland] Wan Jie Xian Zhong Season 5 Episode 287 [463] Indonesia, English sub
[15:31:07] URL: https://animexin.dev/wonderland-287-indonesia-english-sub/
[15:31:07] Success: Scraped 11 mirrors and 6 download links.
[15:31:08] [132/159] Scraping: Wan Jie Xian Zong Season 2 Subbed Full
[15:31:08] URL: https://animexin.dev/wan-jie-xian-zong-season-2-subbed-full/
[15:31:08] Success: Scraped 6 mirrors and 3 download links.
[15:31:09] [133/159] Scraping: Perfect World Movie Ashes of Perfect Fire Part 2 Indonesia, English Sub
[15:31:09] URL: https://animexin.dev/perfect-world-movie-ashes-of-perfect-fire-part-2-indonesia-english-sub/
[15:31:09] Success: Scraped 11 mirrors and 6 download links.
[15:31:10] [134/159] Scraping: Perfect World Movie Ashes of Perfect Fire Part 3 Indonesia, English Sub
[15:31:10] URL: https://animexin.dev/perfect-world-movie-ashes-of-perfect-fire-part-3-indonesia-english-sub/
[15:31:10] Success: Scraped 11 mirrors and 5 download links.
[15:31:11] [135/159] Scraping: Perfect World Movie Ashes of Perfect Fire Part 1 Indonesia, English Sub
[15:31:11] URL: https://animexin.dev/perfect-world-movie-ashes-of-perfect-fire-part-1-indonesia-english-sub/
[15:31:11] Success: Scraped 11 mirrors and 6 download links.
[15:31:12] [136/159] Scraping: Battle Through the Heavens Season 5 Episode 53 Indonesia, English Sub
[15:31:12] URL: https://animexin.dev/battle-through-the-heavens-pv-final-battle-yunlan/
[15:31:12] Success: Scraped 10 mirrors and 6 download links.
[15:31:13] [137/159] Scraping: Battle Through the Heavens Season 5 Episode 70 Indonesia, English Sub
[15:31:13] URL: https://animexin.dev/btths5ep70indoeng/
[15:31:13] Success: Scraped 9 mirrors and 6 download links.
[15:31:14] [138/159] Scraping: Battle Through the Heavens Season 5 Information
[15:31:14] URL: https://animexin.dev/battle-through-the-heavens-season-5-information/
[15:31:14] [Warning] No mirror dropdown select found for this page.
[15:31:14] Success: Scraped 0 mirrors and 0 download links.
[15:31:15] [139/159] Scraping: Yi Nian Yong Heng [A Will Eternal] Episode 121 Indonesia, English Sub
[15:31:15] URL: https://animexin.dev/ynyh-121/
[15:31:15] Success: Scraped 11 mirrors and 6 download links.
[15:31:16] [140/159] Scraping: Dubu Xiaoyao Episode 464 Indonesia, English Sub
[15:31:16] URL: https://animexin.dev/dubu-464/
[15:31:16] Success: Scraped 11 mirrors and 6 download links.
[15:31:35] Checkpoint: Saved 20 new items to videos.json (Total database: 11745 items).
[15:31:36] [141/159] Scraping: Renegade Immortal Episode 61 Indonesia, English Sub
[15:31:36] URL: https://animexin.dev/renegade-61-indonesia-english/
[15:31:36] Success: Scraped 11 mirrors and 6 download links.
[15:31:37] [142/159] Scraping: The Legend of Sky Lord 3D Episode 19 Indonesia, English
[15:31:37] URL: https://animexin.dev/template/
[15:31:37] Success: Scraped 11 mirrors and 6 download links.
[15:31:38] [143/159] Scraping: The Demon Hunter [Chang Yuan Tu] Special 4 [30] Indonesia, English Sub
[15:31:38] URL: https://animexin.dev/the-demon-hunter-chang-yuan-tu-special-4-indonesia-english-sub/
[15:31:38] Success: Scraped 11 mirrors and 6 download links.
[15:31:39] [144/159] Scraping: The Demon Hunter [Chang Yuan Tu] Special 3 [29] Indonesia, English Sub
[15:31:39] URL: https://animexin.dev/the-demon-hunter-chang-yuan-tu-special-3-indonesia-english-sub/
[15:31:39] Success: Scraped 11 mirrors and 6 download links.
[15:31:40] [145/159] Scraping: The Demon Hunter [Chang Yuan Tu] Special 2 [28] Indonesia, English Sub
[15:31:40] URL: https://animexin.dev/the-demon-hunter-chang-yuan-tu-special-2-indonesia-english-sub/
[15:31:40] Success: Scraped 11 mirrors and 6 download links.
[15:31:41] [146/159] Scraping: The Demon Hunter [Chang Yuan Tu] Special 1 [27] Indonesia, English Sub
[15:31:41] URL: https://animexin.dev/the-demon-hunter-chang-yuan-tu-special-1-indonesia-english-sub/
[15:31:41] Success: Scraped 11 mirrors and 6 download links.
[15:31:43] [147/159] Scraping: Swallowed Star Movie : Xueluo Continent Indonesia, English Sub
[15:31:43] URL: https://animexin.dev/swallowed-star-movie-blood-luo-continent-indonesia-english-sub/
[15:31:43] Success: Scraped 11 mirrors and 10 download links.
[15:31:45] [148/159] Scraping: The King’s Avatar Season 3 Full
[15:31:45] URL: https://animexin.dev/the-kings-avatar-season-3-full/
[15:31:45] Success: Scraped 1 mirrors and 0 download links.
[15:31:46] [149/159] Scraping: Quanzhi Fashi Full
[15:31:46] URL: https://animexin.dev/quanzhi-fashi-full/
[15:31:46] Success: Scraped 1 mirrors and 0 download links.
[15:31:48] [150/159] Scraping: Quanzhi Fashi Season 2 Full
[15:31:48] URL: https://animexin.dev/quanzhi-fashi-season-2-full/
[15:31:48] Success: Scraped 1 mirrors and 0 download links.
[15:31:49] [151/159] Scraping: Quanzhi Fashi Season 3 Full
[15:31:49] URL: https://animexin.dev/quanzhi-fashi-season-3-full/
[15:31:49] Success: Scraped 1 mirrors and 0 download links.
[15:31:50] [152/159] Scraping: Tales Demon and God Season 1 Full
[15:31:50] URL: https://animexin.dev/tales-demon-and-god-season-1-full/
[15:31:50] Success: Scraped 5 mirrors and 4 download links.
[15:31:51] [153/159] Scraping: Tales Demon and God Season 2 Full
[15:31:51] URL: https://animexin.dev/tales-demon-and-god-season-2-full/
[15:31:51] Success: Scraped 3 mirrors and 3 download links.
[15:31:53] [154/159] Scraping: Throne of Seal: The Crownless God Indonesia, English Sub
[15:31:53] URL: https://animexin.dev/throne-of-seal-the-crownless-god-indonesia-english-sub/
[15:31:53] Success: Scraped 13 mirrors and 6 download links.
[15:31:54] [155/159] Scraping: Renegade Immortal Movie: Battle Of The Gods Indonesia, English Sub
[15:31:54] URL: https://animexin.dev/renegade-immortal-movie-battle-of-the-gods-indonesia-english-sub/
[15:31:54] Success: Scraped 11 mirrors and 6 download links.
[15:31:56] [156/159] Scraping: Spirit Sword Sovereign Season 4 Episode 513 [613] Indonesia, English Sub
[15:31:56] URL: https://animexin.dev/template-2/
[15:31:56] Success: Scraped 11 mirrors and 6 download links.
[15:31:57] [157/159] Scraping: Soul Land Movie: Sword Dao Chen Xin Indonesia, English Sub
[15:31:57] URL: https://animexin.dev/soul-land-movie-sword-dao-chen-xin-indonesia-english-sub/
[15:31:57] Success: Scraped 11 mirrors and 6 download links.
[15:31:59] [158/159] Scraping: Against the Sky Supreme Episode 458 Indonesia, English Sub
[15:31:59] URL: https://animexin.dev/template-3ulkj/
[15:31:59] Success: Scraped 13 mirrors and 6 download links.
[15:32:00] [159/159] Scraping: Soul Land Movie: Battle of The Gods Remake Indonesia, English Sub
[15:32:00] URL: https://animexin.dev/soul-land-movie-battle-of-the-gods-remake-indonesia-english-sub-remake/
[15:32:00] Success: Scraped 8 mirrors and 4 download links.
[15:32:14] Checkpoint: Saved 19 new items to videos.json (Total database: 11764 items).
[15:32:14] ==========================================
[15:32:14] Sync Completed: 06/29/2026 15:32:14
[15:32:14] ==========================================
